TN:
SF:src/config/notion.config.js
FNF:0
FNH:0
DA:1,2
DA:3,2
DA:13,2
LF:3
LH:3
BRF:0
BRH:0
end_of_record
TN:
SF:src/modules/notion/controllers/notion.controller.js
FN:4,(anonymous_0)
FN:8,(anonymous_1)
FN:24,(anonymous_2)
FN:34,(anonymous_3)
FNF:4
FNH:4
FNDA:7,(anonymous_0)
FNDA:3,(anonymous_1)
FNDA:2,(anonymous_2)
FNDA:2,(anonymous_3)
DA:1,1
DA:5,7
DA:9,3
DA:10,3
DA:11,3
DA:13,3
DA:14,1
DA:17,2
DA:18,1
DA:20,1
DA:25,2
DA:26,2
DA:27,2
DA:28,1
DA:30,1
DA:35,2
DA:36,2
DA:37,2
DA:38,1
DA:40,1
DA:45,1
LF:21
LH:21
BRDA:13,0,0,1
BRDA:13,0,1,2
BRF:2
BRH:2
end_of_record
TN:
SF:src/modules/notion/services/notion.service.js
FN:5,(anonymous_0)
FN:12,(anonymous_1)
FN:14,(anonymous_2)
FN:34,(anonymous_3)
FN:68,(anonymous_4)
FNF:5
FNH:5
FNDA:10,(anonymous_0)
FNDA:2,(anonymous_1)
FNDA:3,(anonymous_2)
FNDA:6,(anonymous_3)
FNDA:2,(anonymous_4)
DA:1,2
DA:2,2
DA:6,10
DA:13,2
DA:14,3
DA:21,2
DA:27,2
DA:28,1
DA:30,1
DA:35,6
DA:36,6
DA:37,1
DA:39,5
DA:41,1
DA:47,1
DA:53,1
DA:59,2
DA:69,2
DA:70,2
DA:71,1
DA:73,1
DA:78,2
LF:22
LH:22
BRDA:39,0,0,1
BRDA:39,0,1,1
BRDA:39,0,2,1
BRDA:39,0,3,2
BRDA:62,1,0,2
BRDA:62,1,1,1
BRF:6
BRH:6
end_of_record
