TN:
SF:src/config/notion.config.js
FNF:0
FNH:0
DA:1,2
DA:3,2
DA:13,2
LF:3
LH:3
BRF:0
BRH:0
end_of_record
TN:
SF:src/modules/notion/controllers/notion.controller.js
FN:4,(anonymous_0)
FN:8,(anonymous_1)
FN:24,(anonymous_2)
FN:34,(anonymous_3)
FNF:4
FNH:4
FNDA:8,(anonymous_0)
FNDA:4,(anonymous_1)
FNDA:2,(anonymous_2)
FNDA:2,(anonymous_3)
DA:1,1
DA:5,8
DA:9,4
DA:10,4
DA:11,4
DA:13,4
DA:14,1
DA:17,3
DA:18,2
DA:20,1
DA:25,2
DA:26,2
DA:27,2
DA:28,1
DA:30,1
DA:35,2
DA:36,2
DA:37,2
DA:38,1
DA:40,1
DA:45,1
LF:21
LH:21
BRDA:13,0,0,1
BRDA:13,0,1,3
BRF:2
BRH:2
end_of_record
TN:
SF:src/modules/notion/services/notion.service.js
FN:5,(anonymous_0)
FN:12,(anonymous_1)
FN:14,(anonymous_2)
FN:48,(anonymous_3)
FN:82,(anonymous_4)
FNF:5
FNH:5
FNDA:11,(anonymous_0)
FNDA:3,(anonymous_1)
FNDA:4,(anonymous_2)
FNDA:6,(anonymous_3)
FNDA:2,(anonymous_4)
DA:1,2
DA:2,2
DA:6,11
DA:13,3
DA:14,4
DA:21,3
DA:23,3
DA:24,1
DA:29,2
DA:35,3
DA:41,3
DA:42,2
DA:44,1
DA:49,6
DA:50,6
DA:51,1
DA:53,5
DA:55,1
DA:61,1
DA:67,1
DA:73,2
DA:83,2
DA:84,2
DA:85,1
DA:87,1
DA:92,2
LF:26
LH:26
BRDA:23,0,0,1
BRDA:23,0,1,2
BRDA:53,1,0,1
BRDA:53,1,1,1
BRDA:53,1,2,1
BRDA:53,1,3,2
BRDA:76,2,0,2
BRDA:76,2,1,1
BRF:8
BRH:8
end_of_record
